<?xml version="1.0" encoding="UTF-8"?>
<testsuite name="com.lomovskiy.snitch.PasswordsRepoTest" tests="3" skipped="0" failures="0" errors="0" timestamp="2021-05-22T07:41:41" hostname="users-MacBook-Pro.local" time="0.07">
  <properties/>
  <testcase name="getById_returnNull_whenPasswordNotExist" classname="com.lomovskiy.snitch.PasswordsRepoTest" time="0.067"/>
  <testcase name="createNewPassword_areCreatedSuccessfully" classname="com.lomovskiy.snitch.PasswordsRepoTest" time="0.002"/>
  <testcase name="getById_returnEntity_whenPasswordExist" classname="com.lomovskiy.snitch.PasswordsRepoTest" time="0.001"/>
  <system-out><![CDATA[]]></system-out>
  <system-err><![CDATA[]]></system-err>
</testsuite>
